<?xml version="1.0" encoding="UTF-8"?>
<!-- Generated by org.testng.reporters.JUnitXMLReporter -->
<testsuite ignored="0" hostname="Mayas-MacBook-Air.local" failures="1" tests="3" name="Depend_SkipTest" time="0.102" errors="0" timestamp="2024-10-31T10:16:29 EDT">
  <testcase classname="testNGSamples.DependMethod" name="addMethod1" time="0.029">
    <failure type="java.lang.AssertionError" message="expected [10] but found [5]">
      <![CDATA[java.lang.AssertionError: expected [10] but found [5]
at testNGSamples.DependMethod.addMethod1(DependMethod.java:16)
at java.base/java.util.ArrayList.forEach(ArrayList.java:1597)
... Removed 32 stack frames]]>
    </failure>
  </testcase> <!-- addMethod1 -->
  <testcase classname="testNGSamples.DependMethod" name="addMethod3" time="0.004"/>
  <testcase classname="testNGSamples.DependMethod" name="addMethod2" time="0.0">
    <skipped/>
  </testcase> <!-- addMethod2 -->
</testsuite> <!-- Depend_SkipTest -->
